<?xml version="1.0" encoding="UTF-8"?>
<testng-results skipped="0" failed="0" ignored="0" total="1" passed="1">
  <reporter-output>
  </reporter-output>
  <suite name="Default suite" duration-ms="70298" started-at="2019-01-13T08:27:02Z" finished-at="2019-01-13T08:28:12Z">
    <groups>
    </groups>
    <test name="Default test" duration-ms="70298" started-at="2019-01-13T08:27:02Z" finished-at="2019-01-13T08:28:12Z">
      <class name="DayOneTest2.TestClassTwo">
        <test-method status="PASS" signature="setup()[pri:0, instance:DayOneTest2.TestClassTwo@3bfdc050]" name="setup" is-config="true" duration-ms="46411" started-at="2019-01-13T08:27:02Z" finished-at="2019-01-13T08:27:48Z">
          <reporter-output>
          </reporter-output>
        </test-method> <!-- setup -->
        <test-method status="PASS" signature="testSearch()[pri:0, instance:DayOneTest2.TestClassTwo@3bfdc050]" name="testSearch" duration-ms="20513" started-at="2019-01-13T08:27:48Z" finished-at="2019-01-13T08:28:09Z">
          <reporter-output>
          </reporter-output>
        </test-method> <!-- testSearch -->
        <test-method status="PASS" signature="tearDown()[pri:0, instance:DayOneTest2.TestClassTwo@3bfdc050]" name="tearDown" is-config="true" duration-ms="3328" started-at="2019-01-13T08:28:09Z" finished-at="2019-01-13T08:28:12Z">
          <reporter-output>
          </reporter-output>
        </test-method> <!-- tearDown -->
      </class> <!-- DayOneTest2.TestClassTwo -->
    </test> <!-- Default test -->
  </suite> <!-- Default suite -->
</testng-results>
